2021-03-02 16:12:45,327 [main] FATAL ui.Main - Assembly File passed in does not exist.
2021-03-02 16:27:23,685 [main] FATAL ui.AVRSim - Encountered error during runtime.
instructions.RuntimeError: Hit max number of jumps for label: MJ_L0:
	at machine.MachineState.executeInstruction(MachineState.java:310)
	at ui.AVRSim.runAssem(AVRSim.java:97)
	at ui.AVRSim.run(AVRSim.java:82)
	at ui.Main.main(Main.java:134)
	at sun.reflect.NativeMethodAccessorImpl.invoke0(Native Method)
	at sun.reflect.NativeMethodAccessorImpl.invoke(NativeMethodAccessorImpl.java:62)
	at sun.reflect.DelegatingMethodAccessorImpl.invoke(DelegatingMethodAccessorImpl.java:43)
	at java.lang.reflect.Method.invoke(Method.java:498)
	at com.simontuffs.onejar.Boot.run(Boot.java:340)
	at com.simontuffs.onejar.Boot.main(Boot.java:166)
2021-03-02 19:46:05,795 [main] FATAL ui.AVRSim - Encountered error during runtime.
instructions.RuntimeError: Hit max number of jumps for label: MJ_L0:
	at machine.MachineState.executeInstruction(MachineState.java:310)
	at ui.AVRSim.runAssem(AVRSim.java:97)
	at ui.AVRSim.run(AVRSim.java:82)
	at ui.Main.main(Main.java:134)
	at sun.reflect.NativeMethodAccessorImpl.invoke0(Native Method)
	at sun.reflect.NativeMethodAccessorImpl.invoke(NativeMethodAccessorImpl.java:62)
	at sun.reflect.DelegatingMethodAccessorImpl.invoke(DelegatingMethodAccessorImpl.java:43)
	at java.lang.reflect.Method.invoke(Method.java:498)
	at com.simontuffs.onejar.Boot.run(Boot.java:340)
	at com.simontuffs.onejar.Boot.main(Boot.java:166)
